[11:10:58] [ServerMain/INFO]: [bootstrap] Running Java 21 (OpenJDK 64-Bit Server VM 21.0.6+7-Ubuntu-120.04.1; Ubuntu null) on Linux 6.5.0-1025-azure (amd64)
[11:10:58] [ServerMain/INFO]: [bootstrap] Loading Paper 1.21.3-63-master@4190ee7 (2024-11-25T18:59:19Z) for Minecraft 1.21.3
[11:10:58] [ServerMain/INFO]: [PluginInitializerManager] Initializing plugins...
[11:10:59] [ServerMain/INFO]: [PluginInitializerManager] Initialized 5 plugins
[11:10:59] [ServerMain/INFO]: [PluginInitializerManager] Bukkit plugins (5):
 - Orebfuscator (5.5.2), ProtocolLib (5.3.0), SkinsRestorer (15.5.2), Sleeper (1.6.2), voicechat (2.5.26)
[11:11:03] [ServerMain/INFO]: Environment: Environment[sessionHost=https://sessionserver.mojang.com, servicesHost=https://api.minecraftservices.com, name=PROD]
[11:11:04] [ServerMain/INFO]: Loaded 1337 recipes
[11:11:05] [ServerMain/INFO]: Loaded 1448 advancements
[11:11:05] [Server thread/INFO]: Starting minecraft server version 1.21.3
[11:11:05] [Server thread/INFO]: Loading properties
[11:11:05] [Server thread/INFO]: This server is running Paper version 1.21.3-63-master@4190ee7 (2024-11-25T18:59:19Z) (Implementing API version 1.21.3-R0.1-SNAPSHOT)
[11:11:05] [Server thread/INFO]: [spark] This server bundles the spark profiler. For more information please visit https://docs.papermc.io/paper/profiling
[11:11:05] [Server thread/INFO]: Server Ping Player Sample Count: 12
[11:11:05] [Server thread/INFO]: Using 4 threads for Netty based IO
[11:11:06] [Server thread/INFO]: [MoonriseCommon] Paper is using 1 worker threads, 1 I/O threads
[11:11:06] [Server thread/INFO]: [ChunkTaskScheduler] Chunk system is using population gen parallelism: true
[11:11:06] [Server thread/INFO]: Default game type: SURVIVAL
[11:11:06] [Server thread/INFO]: Generating keypair
[11:11:06] [Server thread/INFO]: Starting Minecraft server on *:25565
[11:11:06] [Server thread/INFO]: Using epoll channel type
[11:11:06] [Server thread/INFO]: Paper: Using libdeflate (Linux x86_64) compression from Velocity.
[11:11:06] [Server thread/INFO]: Paper: Using OpenSSL 1.1.x (Linux x86_64) cipher from Velocity.
[11:11:07] [Server thread/INFO]: [ProtocolLib] Loading server plugin ProtocolLib v5.3.0
[11:11:07] [Server thread/WARN]: [ProtocolLib] Version (MC: 1.21.3) has not yet been tested! Proceed with caution.
[11:11:07] [Server thread/INFO]: [SkinsRestorer] Loading server plugin SkinsRestorer v15.5.2
[11:11:07] [Server thread/INFO]: [Sleeper] Loading server plugin Sleeper v1.6.2
[11:11:07] [Server thread/INFO]: [Orebfuscator] Loading server plugin Orebfuscator v5.5.2
[11:11:07] [Server thread/INFO]: [voicechat] Loading server plugin voicechat v2.5.26
[11:11:07] [Server thread/INFO]: Server permissions file permissions.yml is empty, ignoring it
[11:11:07] [Server thread/INFO]: [ProtocolLib] Enabling ProtocolLib v5.3.0
[11:11:07] [Server thread/INFO]: [SkinsRestorer] Enabling SkinsRestorer v15.5.2
[11:11:08] [Server thread/WARN]: [SkinsRestorer] You must agree to the rules at 'commands.perSkinPermissionsConsent' in the config to use per skin permissions.
[11:11:08] [Server thread/INFO]: [SkinsRestorer] Running on Minecraft 1.21.3.
[11:11:09] [Server thread/INFO]: [SkinsRestorer] Using paper join listener!
[11:11:09] [Server thread/WARN]: **** SERVER IS RUNNING IN OFFLINE/INSECURE MODE!
[11:11:09] [Server thread/WARN]: The server will make no attempt to authenticate usernames. Beware.
[11:11:09] [Server thread/WARN]: While this makes the game possible to play without internet access, it also opens up the ability for hackers to connect with any username they choose.
[11:11:09] [Server thread/WARN]: To change this, set "online-mode" to "true" in the server.properties file.
[11:11:09] [Server thread/INFO]: Preparing level "ku klux klan"
[11:11:09] [Folia Async Scheduler Thread #1/INFO]: [SkinsRestorer] ----------------------------------------------
[11:11:09] [Folia Async Scheduler Thread #1/INFO]: [SkinsRestorer]     +==================+
[11:11:09] [Folia Async Scheduler Thread #1/INFO]: [SkinsRestorer]     |   SkinsRestorer  |
[11:11:09] [Folia Async Scheduler Thread #1/INFO]: [SkinsRestorer]     |------------------|
[11:11:09] [Folia Async Scheduler Thread #1/INFO]: [SkinsRestorer]     |  Standalone Mode |
[11:11:09] [Folia Async Scheduler Thread #1/INFO]: [SkinsRestorer]     +==================+
[11:11:09] [Folia Async Scheduler Thread #1/INFO]: [SkinsRestorer] ----------------------------------------------
[11:11:09] [Folia Async Scheduler Thread #1/INFO]: [SkinsRestorer]     Version: 15.5.2
[11:11:09] [Folia Async Scheduler Thread #1/INFO]: [SkinsRestorer]     Commit: ae257f6
[11:11:09] [Folia Async Scheduler Thread #1/INFO]: [SkinsRestorer]     This is the latest version!
[11:11:09] [Folia Async Scheduler Thread #1/INFO]: [SkinsRestorer] ----------------------------------------------
[11:11:09] [Folia Async Scheduler Thread #1/INFO]: [SkinsRestorer] Do you have issues? Read our troubleshooting guide: https://skinsrestorer.net/docs/troubleshooting
[11:11:09] [Folia Async Scheduler Thread #1/INFO]: [SkinsRestorer] Want to support SkinsRestorer? Consider donating: https://skinsrestorer.net/donate
[11:11:09] [Server thread/INFO]: Preparing start region for dimension minecraft:overworld
[11:11:10] [Server thread/INFO]: Preparing spawn area: 0%
[11:11:10] [Server thread/INFO]: Preparing spawn area: 10%
[11:11:10] [Server thread/INFO]: Time elapsed: 610 ms
[11:11:10] [Server thread/INFO]: Preparing start region for dimension minecraft:the_nether
[11:11:10] [Server thread/INFO]: Preparing spawn area: 0%
[11:11:10] [Paper Common Worker #0/INFO]: [MCTypeRegistry] Initialising converters for DataConverter...
[11:11:10] [Paper Common Worker #0/INFO]: [MCTypeRegistry] Finished initialising converters for DataConverter in 293.6ms
[11:11:10] [Server thread/INFO]: Preparing spawn area: 65%
[11:11:11] [Server thread/INFO]: Time elapsed: 865 ms
[11:11:11] [Server thread/INFO]: Preparing start region for dimension minecraft:the_end
[11:11:11] [Server thread/INFO]: Preparing spawn area: 0%
[11:11:11] [Server thread/INFO]: Time elapsed: 106 ms
[11:11:11] [Server thread/INFO]: [Sleeper] Enabling Sleeper v1.6.2
[11:11:11] [Server thread/INFO]: [Sleeper] Sleeper Version 1.6.2 Has Been Enabled!
[11:11:11] [Server thread/INFO]: [Orebfuscator] Enabling Orebfuscator v5.5.2
[11:11:12] [Server thread/INFO]: [voicechat] Enabling voicechat v2.5.26
[11:11:12] [Server thread/INFO]: [voicechat] Initializing compatibility for Bukkit version 1.21.3-R0.1
[11:11:12] [Server thread/INFO]: [voicechat] Compatibility version 18
[11:11:12] [Server thread/INFO]: [voicechat] Successfully initialized commodore command completion
[11:11:12] [Server thread/INFO]: [spark] Starting background profiler...
[11:11:12] [Server thread/INFO]: Done preparing level "ku klux klan" (3.337s)
[11:11:12] [Server thread/INFO]: Running delayed init tasks
[11:11:12] [Server thread/INFO]: Done (14.992s)! For help, type "help"
[11:11:12] [Server thread/INFO]: [voicechat] Loading plugins
[11:11:12] [Server thread/INFO]: [voicechat] Loaded 0 plugin(s)
[11:11:12] [Server thread/INFO]: [voicechat] Initializing plugins
[11:11:12] [Server thread/INFO]: [voicechat] Initialized 0 plugin(s)
[11:11:12] [Server thread/WARN]: [voicechat] Running in offline mode - Voice chat encryption is not secure!
[11:11:12] [VoiceChatServerThread/INFO]: [voicechat] Voice host is 'id-different.gl.at.ply.gg:58932'
[11:11:13] [VoiceChatServerThread/ERROR]: [voicechat] Failed to bind to address 'id-different.gl.at.ply.gg', binding to wildcard IP instead
[11:11:13] [VoiceChatServerThread/INFO]: [voicechat] Voice chat server started at id-different.gl.at.ply.gg:58932
[11:12:21] [User Authenticator #0/INFO]: UUID of player Sodopa is d0099148-e7cf-358d-a4ad-37a75a059ee9
[11:12:22] [Server thread/INFO]: Sodopa joined the game
[11:12:22] [Server thread/INFO]: Sodopa[/127.198.40.59:40185] logged in with entity id 15 at ([ku klux klan]2688.5, 73.0, -594.5)
[11:12:22] [Server thread/INFO]: [voicechat] Received secret request of Sodopa (18)
[11:12:22] [Server thread/INFO]: [voicechat] Sent secret to Sodopa
[11:12:38] [Server thread/INFO]: Sodopa issued server command: /experience add Sodopa 20
[11:12:38] [Server thread/INFO]: [Sodopa: Gave 20 experience points to Sodopa]
[11:12:40] [Server thread/INFO]: Sodopa issued server command: /experience add Sodopa 40
[11:12:40] [Server thread/INFO]: [Sodopa: Gave 40 experience points to Sodopa]
[11:12:42] [Server thread/INFO]: Sodopa issued server command: /experience add Sodopa 10000
[11:12:42] [Server thread/INFO]: [Sodopa: Gave 10000 experience points to Sodopa]
[11:12:45] [Server thread/INFO]: Sodopa issued server command: /gamemode creative
[11:12:45] [Server thread/INFO]: [Sodopa: Set own game mode to Creative Mode]
[11:12:48] [Server thread/INFO]: Sodopa issued server command: /gamemode survival
[11:12:48] [Server thread/INFO]: [Sodopa: Set own game mode to Survival Mode]
[11:12:51] [Server thread/INFO]: Sodopa issued server command: /gamemode creative
[11:12:51] [Server thread/INFO]: [Sodopa: Set own game mode to Creative Mode]
[11:12:53] [Server thread/INFO]: Sodopa issued server command: /gamemode survival
[11:12:53] [Server thread/INFO]: [Sodopa: Set own game mode to Survival Mode]
[11:12:55] [Server thread/INFO]: Sodopa fell from a high place
[11:12:59] [Server thread/INFO]: Sodopa issued server command: /experience add Sodopa 10000
[11:12:59] [Server thread/INFO]: [Sodopa: Gave 10000 experience points to Sodopa]
[11:13:04] [Server thread/INFO]: Sodopa issued server command: /experience add Sodopa 1000
[11:13:04] [Server thread/INFO]: [Sodopa: Gave 1000 experience points to Sodopa]
[11:13:09] [Server thread/INFO]: Sodopa issued server command: /gamemode creative
[11:13:09] [Server thread/INFO]: [Sodopa: Set own game mode to Creative Mode]
[11:13:16] [Server thread/INFO]: Sodopa issued server command: /gamemode survival
[11:13:16] [Server thread/INFO]: [Sodopa: Set own game mode to Survival Mode]
[11:13:18] [Server thread/INFO]: Sodopa fell from a high place
[11:13:25] [Server thread/INFO]: Sodopa issued server command: /experience add Sodopa 100
[11:13:25] [Server thread/INFO]: [Sodopa: Gave 100 experience points to Sodopa]
[11:13:26] [Server thread/INFO]: Sodopa issued server command: /experience add Sodopa 100
[11:13:26] [Server thread/INFO]: [Sodopa: Gave 100 experience points to Sodopa]
[11:13:27] [Server thread/INFO]: Sodopa issued server command: /experience add Sodopa 100
[11:13:27] [Server thread/INFO]: [Sodopa: Gave 100 experience points to Sodopa]
[11:13:27] [Server thread/INFO]: Sodopa issued server command: /experience add Sodopa 100
[11:13:27] [Server thread/INFO]: [Sodopa: Gave 100 experience points to Sodopa]
[11:13:28] [Server thread/INFO]: Sodopa issued server command: /experience add Sodopa 100
[11:13:28] [Server thread/INFO]: [Sodopa: Gave 100 experience points to Sodopa]
[11:13:28] [Server thread/INFO]: Sodopa issued server command: /experience add Sodopa 100
[11:13:28] [Server thread/INFO]: [Sodopa: Gave 100 experience points to Sodopa]
[11:13:29] [Server thread/INFO]: Sodopa issued server command: /experience add Sodopa 100
[11:13:29] [Server thread/INFO]: [Sodopa: Gave 100 experience points to Sodopa]
[11:13:29] [Server thread/INFO]: Sodopa issued server command: /experience add Sodopa 100
[11:13:29] [Server thread/INFO]: [Sodopa: Gave 100 experience points to Sodopa]
[11:13:30] [Server thread/INFO]: Sodopa issued server command: /experience add Sodopa 100
[11:13:30] [Server thread/INFO]: [Sodopa: Gave 100 experience points to Sodopa]
[11:13:30] [Server thread/INFO]: Sodopa issued server command: /experience add Sodopa 100
[11:13:30] [Server thread/INFO]: [Sodopa: Gave 100 experience points to Sodopa]
[11:13:31] [Server thread/INFO]: Sodopa issued server command: /experience add Sodopa 100
[11:13:31] [Server thread/INFO]: [Sodopa: Gave 100 experience points to Sodopa]
[11:13:32] [Server thread/INFO]: Sodopa issued server command: /experience add Sodopa 100
[11:13:32] [Server thread/INFO]: [Sodopa: Gave 100 experience points to Sodopa]
[11:13:32] [Server thread/INFO]: Sodopa issued server command: /experience add Sodopa 100
[11:13:32] [Server thread/INFO]: [Sodopa: Gave 100 experience points to Sodopa]
[11:13:32] [Server thread/INFO]: Sodopa issued server command: /experience add Sodopa 100
[11:13:32] [Server thread/INFO]: [Sodopa: Gave 100 experience points to Sodopa]
[11:13:33] [Server thread/INFO]: Sodopa issued server command: /experience add Sodopa 100
[11:13:33] [Server thread/INFO]: [Sodopa: Gave 100 experience points to Sodopa]
[11:13:33] [Server thread/INFO]: Sodopa issued server command: /experience add Sodopa 100
[11:13:33] [Server thread/INFO]: [Sodopa: Gave 100 experience points to Sodopa]
[11:13:34] [Server thread/INFO]: Sodopa issued server command: /experience add Sodopa 100
[11:13:34] [Server thread/INFO]: [Sodopa: Gave 100 experience points to Sodopa]
[11:13:35] [Server thread/INFO]: Sodopa issued server command: /experience add Sodopa 100
[11:13:35] [Server thread/INFO]: [Sodopa: Gave 100 experience points to Sodopa]
[11:13:35] [Server thread/INFO]: Sodopa issued server command: /experience add Sodopa 100
[11:13:35] [Server thread/INFO]: [Sodopa: Gave 100 experience points to Sodopa]
[11:13:35] [Server thread/INFO]: Sodopa issued server command: /experience add Sodopa 100
[11:13:35] [Server thread/INFO]: [Sodopa: Gave 100 experience points to Sodopa]
[11:13:36] [Server thread/INFO]: Sodopa issued server command: /experience add Sodopa 100
[11:13:36] [Server thread/INFO]: [Sodopa: Gave 100 experience points to Sodopa]
[11:13:38] [Server thread/INFO]: Sodopa issued server command: /experience add Sodopa 100
[11:13:38] [Server thread/INFO]: [Sodopa: Gave 100 experience points to Sodopa]
[11:13:38] [Server thread/INFO]: Sodopa issued server command: /experience add Sodopa 100
[11:13:38] [Server thread/INFO]: [Sodopa: Gave 100 experience points to Sodopa]
[11:13:38] [Server thread/INFO]: Sodopa issued server command: /experience add Sodopa 100
[11:13:38] [Server thread/INFO]: [Sodopa: Gave 100 experience points to Sodopa]
[11:13:39] [Server thread/INFO]: Sodopa issued server command: /experience add Sodopa 100
[11:13:39] [Server thread/INFO]: [Sodopa: Gave 100 experience points to Sodopa]
[11:13:40] [Server thread/INFO]: Sodopa issued server command: /experience add Sodopa 100
[11:13:40] [Server thread/INFO]: [Sodopa: Gave 100 experience points to Sodopa]
[11:13:41] [Server thread/INFO]: Sodopa issued server command: /experience add Sodopa 100
[11:13:41] [Server thread/INFO]: [Sodopa: Gave 100 experience points to Sodopa]
[11:13:41] [Server thread/INFO]: Sodopa issued server command: /experience add Sodopa 100
[11:13:41] [Server thread/INFO]: [Sodopa: Gave 100 experience points to Sodopa]
[11:13:41] [Server thread/INFO]: Sodopa issued server command: /experience add Sodopa 100
[11:13:41] [Server thread/INFO]: [Sodopa: Gave 100 experience points to Sodopa]
[11:13:42] [Server thread/INFO]: Sodopa issued server command: /experience add Sodopa 100
[11:13:42] [Server thread/INFO]: [Sodopa: Gave 100 experience points to Sodopa]
[11:13:43] [Server thread/INFO]: Sodopa issued server command: /experience add Sodopa 100
[11:13:43] [Server thread/INFO]: [Sodopa: Gave 100 experience points to Sodopa]
[11:13:43] [Server thread/INFO]: Sodopa issued server command: /experience add Sodopa 100
[11:13:43] [Server thread/INFO]: [Sodopa: Gave 100 experience points to Sodopa]
[11:13:46] [Server thread/INFO]: Sodopa issued server command: /experience add Sodopa 200
[11:13:46] [Server thread/INFO]: [Sodopa: Gave 200 experience points to Sodopa]
[11:13:47] [Server thread/INFO]: Sodopa issued server command: /experience add Sodopa 200
[11:13:47] [Server thread/INFO]: [Sodopa: Gave 200 experience points to Sodopa]
[11:13:48] [Server thread/INFO]: Sodopa issued server command: /experience add Sodopa 200
[11:13:48] [Server thread/INFO]: [Sodopa: Gave 200 experience points to Sodopa]
[11:13:48] [Server thread/INFO]: Sodopa issued server command: /experience add Sodopa 200
[11:13:48] [Server thread/INFO]: [Sodopa: Gave 200 experience points to Sodopa]
[11:13:49] [Server thread/INFO]: Sodopa issued server command: /experience add Sodopa 200
[11:13:49] [Server thread/INFO]: [Sodopa: Gave 200 experience points to Sodopa]
[11:13:49] [Server thread/INFO]: Sodopa issued server command: /experience add Sodopa 200
[11:13:49] [Server thread/INFO]: [Sodopa: Gave 200 experience points to Sodopa]
[11:13:50] [Server thread/INFO]: Sodopa issued server command: /experience add Sodopa 200
[11:13:50] [Server thread/INFO]: [Sodopa: Gave 200 experience points to Sodopa]
[11:13:50] [Server thread/INFO]: Sodopa issued server command: /experience add Sodopa 200
[11:13:50] [Server thread/INFO]: [Sodopa: Gave 200 experience points to Sodopa]
[11:13:51] [Server thread/INFO]: Sodopa issued server command: /experience add Sodopa 200
[11:13:51] [Server thread/INFO]: [Sodopa: Gave 200 experience points to Sodopa]
[11:13:53] [Server thread/INFO]: Sodopa issued server command: /experience add Sodopa 200
[11:13:53] [Server thread/INFO]: [Sodopa: Gave 200 experience points to Sodopa]
[11:15:13] [Server thread/INFO]: Sodopa issued server command: /give Sodopa minecraft:emerald 30
[11:15:13] [Server thread/INFO]: [Sodopa: Gave 30 [Emerald] to Sodopa]
[11:21:13] [Server thread/INFO]: A player is required to run this command here
[11:29:25] [User Authenticator #1/INFO]: UUID of player akukis is 2b36bba9-4418-3ccc-9179-d1564b80bed2
[11:29:25] [Server thread/INFO]: akukis joined the game
[11:29:25] [Server thread/INFO]: akukis[/127.157.211.142:50713] logged in with entity id 3370 at ([ku klux klan]2661.9574227015414, 71.0, -576.81339034566)
[11:36:25] [User Authenticator #2/INFO]: UUID of player MrEl_0bit is cb18b461-a90f-3ea7-b1f6-19d11ecd53a4
[11:36:27] [Server thread/INFO]: MrEl_0bit joined the game
[11:36:27] [Server thread/INFO]: MrEl_0bit[/127.59.153.24:48137] logged in with entity id 4684 at ([ku klux klan]2656.5206353934586, 70.0, -581.2492589499535)
[11:36:28] [Server thread/INFO]: [voicechat] Received secret request of MrEl_0bit (18)
[11:36:28] [Server thread/INFO]: [voicechat] Sent secret to MrEl_0bit
[11:36:43] [Server thread/INFO]: Sodopa issued server command: /effect give MrEl_0bit minecraft:speed 2 99
[11:36:43] [Server thread/INFO]: [Sodopa: Applied effect Speed to MrEl_0bit]
[11:36:47] [Server thread/INFO]: Sodopa issued server command: /effect give MrEl_0bit minecraft:speed 2 99
[11:36:47] [Server thread/INFO]: [Sodopa: Applied effect Speed to MrEl_0bit]
[11:36:47] [Server thread/INFO]: Sodopa issued server command: /effect give MrEl_0bit minecraft:speed 2 99
[11:36:47] [Server thread/INFO]: [Sodopa: Applied effect Speed to MrEl_0bit]
[11:44:26] [Server thread/INFO]: MrEl_0bit has made the advancement [What a Deal!]
[11:57:00] [Server thread/INFO]: Sodopa issued server command: /give Sodopa minecraft:water_bucket
[11:57:00] [Server thread/INFO]: [Sodopa: Gave 1 [Water Bucket] to Sodopa]
